<?xml version="1.0" encoding="UTF-8"?>
<!-- Generated by org.testng.reporters.JUnitReportReporter -->
<testsuite skipped="0" hostname="DESKTOP-IQM52SA" name="vajalproject.AssignmentTestngTF" tests="1" failures="0" timestamp="2021-03-14T23:40:32 CDT" time="3.692" errors="0">
  <testcase name="TestCase2" time="3.692" classname="vajalproject.AssignmentTestngTF"/>
  <system-out/>
</testsuite> <!-- vajalproject.AssignmentTestngTF -->
