<?xml version="1.0" encoding="UTF-8"?>
<!-- Generated by org.testng.reporters.JUnitReportReporter -->
<testsuite skipped="0" hostname="DESKTOP-IQM52SA" name="examtestng.AddMonthsTest3" tests="2" failures="0" timestamp="2021-03-21T01:11:20 CDT" time="6.813" errors="0">
  <testcase name="TestCase3" time="3.149" classname="examtestng.AddMonthsTest3"/>
  <system-out/>
  <testcase name="TestCase2" time="3.664" classname="examtestng.AddMonthsTest3"/>
  <system-out/>
</testsuite> <!-- examtestng.AddMonthsTest3 -->
