<?xml version="1.0" encoding="UTF-8"?>
<!-- Generated by org.testng.reporters.JUnitReportReporter -->
<testsuite skipped="0" hostname="DESKTOP-IQM52SA" name="paglaproject.BackgroundColorCheck" tests="1" failures="0" timestamp="2021-03-18T00:23:14 CDT" time="3.671" errors="0">
  <testcase name="Test1" time="3.671" classname="paglaproject.BackgroundColorCheck"/>
  <system-out/>
</testsuite> <!-- paglaproject.BackgroundColorCheck -->
