<?xml version="1.0" encoding="UTF-8"?>
<!-- Generated by org.testng.reporters.JUnitReportReporter -->
<testsuite skipped="0" hostname="DESKTOP-IQM52SA" name="examtestng.AddCatagoryTest1" tests="1" failures="0" timestamp="2021-03-21T00:46:26 CDT" time="4.197" errors="0">
  <testcase name="TestCase1" time="4.197" classname="examtestng.AddCatagoryTest1"/>
  <system-out/>
</testsuite> <!-- examtestng.AddCatagoryTest1 -->
