<?xml version="1.0" encoding="UTF-8"?>
<!-- Generated by org.testng.reporters.JUnitReportReporter -->
<testsuite skipped="0" hostname="DESKTOP-IQM52SA" name="vajalproject.AddCatagoryTest1" tests="1" failures="0" timestamp="2021-03-21T00:24:32 CDT" time="4.236" errors="0">
  <testcase name="TestCase1" time="4.236" classname="vajalproject.AddCatagoryTest1"/>
  <system-out/>
</testsuite> <!-- vajalproject.AddCatagoryTest1 -->
