<?xml version="1.0" encoding="UTF-8"?>
<!-- Generated by org.testng.reporters.JUnitReportReporter -->
<testsuite skipped="0" hostname="DESKTOP-IQM52SA" name="vajalproject.AddMonthsTest3" tests="2" failures="0" timestamp="2021-03-21T00:33:27 CDT" time="8.579" errors="0">
  <testcase name="TestCase3" time="5.005" classname="vajalproject.AddMonthsTest3"/>
  <system-out/>
  <testcase name="TestCase2" time="3.574" classname="vajalproject.AddMonthsTest3"/>
  <system-out/>
</testsuite> <!-- vajalproject.AddMonthsTest3 -->
