<?xml version="1.0" encoding="UTF-8"?>
<!-- Generated by org.testng.reporters.JUnitReportReporter -->
<testsuite skipped="0" hostname="DESKTOP-IQM52SA" name="examtestng.AddDuplicateCatagoryTest2" tests="1" failures="0" timestamp="2021-03-21T01:10:02 CDT" time="7.630" errors="0">
  <testcase name="TestCase2" time="7.630" classname="examtestng.AddDuplicateCatagoryTest2"/>
  <system-out/>
</testsuite> <!-- examtestng.AddDuplicateCatagoryTest2 -->
